<?xml version="1.0" encoding="UTF-8"?>
<!-- Generated by org.testng.reporters.JUnitXMLReporter -->
<testsuite ignored="2" hostname="Hemant-Payal" failures="0" tests="6" name="Test-1" time="205.605" errors="0" timestamp="2025-01-03T11:02:33 IST">
  <testcase classname="com.comcast.crm.contactTest.ContactTest" name="CreateContactTest" time="21.748"/>
  <testcase classname="com.comcast.crm.contactTest.ContactTest" name="createContactWithOrg" time="42.176"/>
  <testcase classname="com.comcast.crm.contactTest.ContactTest" name="createContactWithSupprotDate" time="22.315"/>
  <testcase classname="com.comcast.crm.orgTest.OrganizationTest" name="CreateOrgTest" time="20.362"/>
  <testcase classname="com.comcast.crm.orgTest.OrganizationTest" name="CreateOrgWithIndustryNType" time="22.09"/>
  <testcase classname="com.comcast.crm.orgTest.OrganizationTest" name="CreateOrganizationWithPhoneNumber" time="21.87"/>
  <testcase classname="com.comcast.crm.BaseTest.BaseClass" name="@AfterSuite configAS" time="0.0">
    <ignored/>
  </testcase> <!-- @AfterSuite configAS -->
  <testcase classname="com.comcast.crm.BaseTest.BaseClass" name="@BeforeSuite configBS" time="0.0">
    <ignored/>
  </testcase> <!-- @BeforeSuite configBS -->
</testsuite> <!-- Test-1 -->
