<?xml version="1.0" encoding="UTF-8"?>
<!-- Generated by org.testng.reporters.JUnitReportReporter -->
<testsuite hostname="Hemant-Payal" failures="0" tests="1" name="com.comcast.crm.contactTest.ContactTest_" time="20.422" errors="0" timestamp="2025-01-02T17:03:59 IST" skipped="0">
  <testcase classname="com.comcast.crm.contactTest.ContactTest_" name="createContactWithOrg" time="20.422"/>
  <system-out/>
</testsuite> <!-- com.comcast.crm.contactTest.ContactTest_ -->
