<?xml version="1.0" encoding="UTF-8"?>
<!-- Generated by org.testng.reporters.JUnitReportReporter -->
<testsuite hostname="Hemant-Payal" failures="0" tests="1" name="com.comcast.crm.contactTest.ContactTest" time="11.512" errors="0" timestamp="2025-01-06T12:37:21 IST" skipped="0">
  <testcase classname="com.comcast.crm.contactTest.ContactTest" name="CreateContactTest" time="11.512"/>
  <system-out/>
</testsuite> <!-- com.comcast.crm.contactTest.ContactTest -->
