<?xml version="1.0" encoding="UTF-8"?>
<!-- Generated by org.testng.reporters.JUnitReportReporter -->
<testsuite hostname="Hemant-Payal" failures="0" tests="1" name="practice.pom.repo.SampleTestWithPom" time="10.071" errors="0" timestamp="28 Dec 2024 08:23:04 GMT" skipped="0">
  <testcase classname="practice.pom.repo.SampleTestWithPom" name="sampleTest" time="10.071"/>
</testsuite> <!-- practice.pom.repo.SampleTestWithPom -->
