<?xml version="1.0" encoding="UTF-8"?>
<!-- Generated by org.testng.reporters.JUnitReportReporter -->
<testsuite hostname="Hemant-Payal" failures="0" tests="2" name="practice.testng.OrderTest" time="0.014" errors="0" timestamp="2024-12-30T15:12:24 IST" skipped="0">
  <testcase classname="practice.testng.OrderTest" name="BillingOrderTest" time="0.001"/>
  <system-out/>
  <testcase classname="practice.testng.OrderTest" name="createOrderTest" time="0.013"/>
  <system-out/>
</testsuite> <!-- practice.testng.OrderTest -->
