<?xml version="1.0" encoding="UTF-8"?>
<!-- Generated by org.testng.reporters.JUnitReportReporter -->
<testsuite hostname="Hemant-Payal" failures="0" tests="2" name="com.comcast.crm.TestNg_BC.ContactTest_" time="23.307" errors="0" timestamp="2025-01-02T14:05:26 IST" skipped="0">
  <testcase classname="com.comcast.crm.TestNg_BC.ContactTest_" name="createContactWithSupprotDate" time="12.268"/>
  <system-out/>
  <testcase classname="com.comcast.crm.TestNg_BC.ContactTest_" name="CreateContactTest" time="11.039"/>
  <system-out/>
</testsuite> <!-- com.comcast.crm.TestNg_BC.ContactTest_ -->
