<?xml version="1.0" encoding="UTF-8"?>
<!-- Generated by org.testng.reporters.JUnitReportReporter -->
<testsuite hostname="Hemant-Payal" failures="0" tests="6" name="practice.testng.ContactTest" time="0.011" errors="0" timestamp="2024-12-31T11:30:56 IST" skipped="0">
  <testcase classname="practice.testng.ContactTest" name="RenameContactTest" time="0.001"/>
  <system-out/>
  <testcase classname="practice.testng.ContactTest" name="RenameContactTest" time="0.006"/>
  <system-out/>
  <testcase classname="practice.testng.ContactTest" name="RenameContactTest" time="0.000"/>
  <system-out/>
  <testcase classname="practice.testng.ContactTest" name="createContactTest" time="0.001"/>
  <system-out/>
  <testcase classname="practice.testng.ContactTest" name="ModifyContactTest" time="0.002"/>
  <system-out/>
  <testcase classname="practice.testng.ContactTest" name="DeleteContactTest" time="0.001"/>
  <system-out/>
</testsuite> <!-- practice.testng.ContactTest -->
