<?xml version="1.0" encoding="UTF-8"?>
<!-- Generated by org.testng.reporters.JUnitReportReporter -->
<testsuite hostname="Hemant-Payal" failures="0" tests="3" name="com.comcast.crm.TestNg_BC.OrganizationTest" time="34.890" errors="0" timestamp="2025-01-02T14:06:18 IST" skipped="0">
  <testcase classname="com.comcast.crm.TestNg_BC.OrganizationTest" name="CreateOrganizationWithPhoneNumber" time="11.295"/>
  <system-out/>
  <testcase classname="com.comcast.crm.TestNg_BC.OrganizationTest" name="CreateOrgTest" time="11.804"/>
  <system-out/>
  <testcase classname="com.comcast.crm.TestNg_BC.OrganizationTest" name="CreateOrgWithIndustryNType" time="11.791"/>
  <system-out/>
</testsuite> <!-- com.comcast.crm.TestNg_BC.OrganizationTest -->
