<?xml version="1.0" encoding="UTF-8"?>
<!-- Generated by org.testng.reporters.JUnitReportReporter -->
<testsuite hostname="Hemant-Payal" failures="0" tests="2" name="com.comcast.crm.orgTest.OrganizationTest" time="111.359" errors="0" timestamp="2025-01-09T10:33:35 IST" skipped="0">
  <testcase classname="com.comcast.crm.orgTest.OrganizationTest" name="CreateOrgWithIndustryNType" time="82.309"/>
  <system-out/>
  <testcase classname="com.comcast.crm.orgTest.OrganizationTest" name="CreateOrganizationWithPhoneNumber" time="29.050"/>
  <system-out/>
</testsuite> <!-- com.comcast.crm.orgTest.OrganizationTest -->
