<?xml version="1.0" encoding="UTF-8"?>
<!-- Generated by org.testng.reporters.JUnitReportReporter -->
<testsuite hostname="Hemant-Payal" failures="0" tests="3" name="practice.testng.CreateContactDataProvider" time="0.012" errors="0" timestamp="2024-12-31T14:11:30 IST" skipped="0">
  <testcase classname="practice.testng.CreateContactDataProvider" name="createContactTest" time="0.002"/>
  <system-out/>
  <testcase classname="practice.testng.CreateContactDataProvider" name="createContactTest" time="0.009"/>
  <system-out/>
  <testcase classname="practice.testng.CreateContactDataProvider" name="createContactTest" time="0.001"/>
  <system-out/>
</testsuite> <!-- practice.testng.CreateContactDataProvider -->
