<?xml version="1.0" encoding="UTF-8"?>
<!-- Generated by org.testng.reporters.JUnitReportReporter -->
<testsuite hostname="Hemant-Payal" failures="0" tests="3" name="com.comcast.crm.contactTest.ContactTest" time="95.968" errors="0" timestamp="2025-01-09T10:52:04 IST" skipped="0">
  <testcase classname="com.comcast.crm.contactTest.ContactTest" name="createContactWithSupprotDate" time="25.428"/>
  <system-out/>
  <testcase classname="com.comcast.crm.contactTest.ContactTest" name="CreateContactTest" time="26.724"/>
  <system-out/>
  <testcase classname="com.comcast.crm.contactTest.ContactTest" name="createContactWithOrg" time="43.816"/>
  <system-out/>
</testsuite> <!-- com.comcast.crm.contactTest.ContactTest -->
