<?xml version="1.0" encoding="UTF-8"?>
<!-- Generated by org.testng.reporters.JUnitReportReporter -->
<testsuite hostname="Hemant-Payal" failures="0" tests="6" name="com.comcast.crm.orgTest.OrganizationTest" time="179.769" errors="0" timestamp="2025-01-03T11:02:40 IST" skipped="0">
  <testcase classname="com.comcast.crm.orgTest.OrganizationTest" name="CreateOrgTest" time="28.958"/>
  <system-out/>
  <testcase classname="com.comcast.crm.orgTest.OrganizationTest" name="CreateOrganizationWithPhoneNumber" time="30.460"/>
  <system-out/>
  <testcase classname="com.comcast.crm.orgTest.OrganizationTest" name="CreateOrgTest" time="28.507"/>
  <system-out/>
  <testcase classname="com.comcast.crm.orgTest.OrganizationTest" name="CreateOrgWithIndustryNType" time="31.199"/>
  <system-out/>
  <testcase classname="com.comcast.crm.orgTest.OrganizationTest" name="CreateOrgWithIndustryNType" time="30.857"/>
  <system-out/>
  <testcase classname="com.comcast.crm.orgTest.OrganizationTest" name="CreateOrganizationWithPhoneNumber" time="29.788"/>
  <system-out/>
</testsuite> <!-- com.comcast.crm.orgTest.OrganizationTest -->
