<?xml version="1.0" encoding="UTF-8"?>
<!-- Generated by org.testng.reporters.JUnitReportReporter -->
<testsuite hostname="Hemant-Payal" failures="0" tests="1" name="practice.testng.SampleReportTest" time="5.692" errors="0" timestamp="2025-01-08T12:57:02 IST" skipped="0">
  <testcase classname="practice.testng.SampleReportTest" name="CreateContact" time="5.692"/>
</testsuite> <!-- practice.testng.SampleReportTest -->
