<?xml version="1.0" encoding="UTF-8"?>
<!-- Generated by org.testng.reporters.JUnitReportReporter -->
<testsuite hostname="Hemant-Payal" failures="0" tests="1" name="com.comcast.crm.orgTest.OrganizationTest" time="27.429" errors="0" timestamp="2025-01-09T11:55:56 IST" skipped="0">
  <testcase classname="com.comcast.crm.orgTest.OrganizationTest" name="CreateOrgTest" time="27.429"/>
</testsuite> <!-- com.comcast.crm.orgTest.OrganizationTest -->
