<?xml version="1.0" encoding="UTF-8"?>
<!-- Generated by org.testng.reporters.JUnitReportReporter -->
<testsuite hostname="Hemant-Payal" failures="0" tests="1" name="com.comcast.crm.contactTest.ContactTest" time="26.784" errors="0" timestamp="2025-01-09T11:55:56 IST" skipped="0">
  <testcase classname="com.comcast.crm.contactTest.ContactTest" name="CreateContactTest" time="26.784"/>
</testsuite> <!-- com.comcast.crm.contactTest.ContactTest -->
