<?xml version="1.0" encoding="UTF-8"?>
<!-- Generated by org.testng.reporters.JUnitReportReporter -->
<testsuite hostname="Hemant-Payal" failures="0" tests="6" name="practice.testng.ContactTest" time="0.003" errors="0" timestamp="2025-01-08T12:57:02 IST" skipped="0">
  <testcase classname="practice.testng.ContactTest" name="RenameContactTest" time="0.001"/>
  <testcase classname="practice.testng.ContactTest" name="RenameContactTest" time="0.000"/>
  <testcase classname="practice.testng.ContactTest" name="RenameContactTest" time="0.000"/>
  <testcase classname="practice.testng.ContactTest" name="createContactTest" time="0.000"/>
  <testcase classname="practice.testng.ContactTest" name="ModifyContactTest" time="0.001"/>
  <testcase classname="practice.testng.ContactTest" name="DeleteContactTest" time="0.001"/>
</testsuite> <!-- practice.testng.ContactTest -->
