<?xml version="1.0" encoding="UTF-8"?>
<!-- Generated by org.testng.reporters.JUnitReportReporter -->
<testsuite hostname="Hemant-Payal" failures="0" tests="2" name="practice.testng.OrderTest" time="0.002" errors="0" timestamp="2025-01-08T12:57:02 IST" skipped="0">
  <testcase classname="practice.testng.OrderTest" name="createOrderTest" time="0.001"/>
  <testcase classname="practice.testng.OrderTest" name="BillingOrderTest" time="0.001"/>
</testsuite> <!-- practice.testng.OrderTest -->
